The system is: Linux - 3.16.0-23-generic - i686
Compiling the C compiler identification source file "CMakeCCompilerId.c" succeeded.
Compiler: /usr/bin/cc 
Build flags: 
Id flags: 

The output was:
0


Compilation of the C compiler identification source "CMakeCCompilerId.c" produced "a.out"

The C compiler identification is GNU, found in "/home/anu/kalzium/makefile2/CMakeFiles/3.0.0/CompilerIdC/a.out"

Compiling the CXX compiler identification source file "CMakeCXXCompilerId.cpp" succeeded.
Compiler: /usr/bin/c++ 
Build flags: 
Id flags: 

The output was:
0


Compilation of the CXX compiler identification source "CMakeCXXCompilerId.cpp" produced "a.out"

The CXX compiler identification is GNU, found in "/home/anu/kalzium/makefile2/CMakeFiles/3.0.0/CompilerIdCXX/a.out"

Determining if the C compiler works passed with the following output:
Change Dir: /home/anu/kalzium/makefile2/CMakeFiles/CMakeTmp

Run Build Command:"/usr/bin/make" "cmTryCompileExec138948200/fast"
/usr/bin/make -f CMakeFiles/cmTryCompileExec138948200.dir/build.make CMakeFiles/cmTryCompileExec138948200.dir/build
make[1]: Entering directory '/home/anu/kalzium/makefile2/CMakeFiles/CMakeTmp'
/usr/local/bin/cmake -E cmake_progress_report /home/anu/kalzium/makefile2/CMakeFiles/CMakeTmp/CMakeFiles 1
Building C object CMakeFiles/cmTryCompileExec138948200.dir/testCCompiler.c.o
/usr/bin/cc    -o CMakeFiles/cmTryCompileExec138948200.dir/testCCompiler.c.o   -c /home/anu/kalzium/makefile2/CMakeFiles/CMakeTmp/testCCompiler.c
Linking C executable cmTryCompileExec138948200
/usr/local/bin/cmake -E cmake_link_script CMakeFiles/cmTryCompileExec138948200.dir/link.txt --verbose=1
/usr/bin/cc       CMakeFiles/cmTryCompileExec138948200.dir/testCCompiler.c.o  -o cmTryCompileExec138948200 -rdynamic 
make[1]: Leaving directory '/home/anu/kalzium/makefile2/CMakeFiles/CMakeTmp'


Detecting C compiler ABI info compiled with the following output:
Change Dir: /home/anu/kalzium/makefile2/CMakeFiles/CMakeTmp

Run Build Command:"/usr/bin/make" "cmTryCompileExec2120854130/fast"
/usr/bin/make -f CMakeFiles/cmTryCompileExec2120854130.dir/build.make CMakeFiles/cmTryCompileExec2120854130.dir/build
make[1]: Entering directory '/home/anu/kalzium/makefile2/CMakeFiles/CMakeTmp'
/usr/local/bin/cmake -E cmake_progress_report /home/anu/kalzium/makefile2/CMakeFiles/CMakeTmp/CMakeFiles 1
Building C object CMakeFiles/cmTryCompileExec2120854130.dir/CMakeCCompilerABI.c.o
/usr/bin/cc    -o CMakeFiles/cmTryCompileExec2120854130.dir/CMakeCCompilerABI.c.o   -c /usr/local/share/cmake-3.0/Modules/CMakeCCompilerABI.c
Linking C executable cmTryCompileExec2120854130
/usr/local/bin/cmake -E cmake_link_script CMakeFiles/cmTryCompileExec2120854130.dir/link.txt --verbose=1
/usr/bin/cc     -v CMakeFiles/cmTryCompileExec2120854130.dir/CMakeCCompilerABI.c.o  -o cmTryCompileExec2120854130 -rdynamic  
Using built-in specs.
COLLECT_GCC=/usr/bin/cc
COLLECT_LTO_WRAPPER=/usr/lib/gcc/i686-linux-gnu/4.9/lto-wrapper
Target: i686-linux-gnu
Configured with: ../src/configure -v --with-pkgversion='Ubuntu 4.9.1-16ubuntu6' --with-bugurl=file:///usr/share/doc/gcc-4.9/README.Bugs --enable-languages=c,c++,java,go,d,fortran,objc,obj-c++ --prefix=/usr --program-suffix=-4.9 --enable-shared --enable-linker-build-id --libexecdir=/usr/lib --without-included-gettext --enable-threads=posix --with-gxx-include-dir=/usr/include/c++/4.9 --libdir=/usr/lib --enable-nls --with-sysroot=/ --enable-clocale=gnu --enable-libstdcxx-debug --enable-libstdcxx-time=yes --enable-gnu-unique-object --disable-vtable-verify --enable-plugin --with-system-zlib --disable-browser-plugin --enable-java-awt=gtk --enable-gtk-cairo --with-java-home=/usr/lib/jvm/java-1.5.0-gcj-4.9-i386/jre --enable-java-home --with-jvm-root-dir=/usr/lib/jvm/java-1.5.0-gcj-4.9-i386 --with-jvm-jar-dir=/usr/lib/jvm-exports/java-1.5.0-gcj-4.9-i386 --with-arch-directory=i386 --with-ecj-jar=/usr/share/java/eclipse-ecj.jar --enable-objc-gc --enable-targets=all --enable-multiarch --disable-werror --with-arch-32=i686 --with-multilib-list=m32,m64,mx32 --enable-multilib --with-tune=generic --enable-checking=release --build=i686-linux-gnu --host=i686-linux-gnu --target=i686-linux-gnu
Thread model: posix
gcc version 4.9.1 (Ubuntu 4.9.1-16ubuntu6) 
COMPILER_PATH=/usr/lib/gcc/i686-linux-gnu/4.9/:/usr/lib/gcc/i686-linux-gnu/4.9/:/usr/lib/gcc/i686-linux-gnu/:/usr/lib/gcc/i686-linux-gnu/4.9/:/usr/lib/gcc/i686-linux-gnu/
LIBRARY_PATH=/usr/lib/gcc/i686-linux-gnu/4.9/:/usr/lib/gcc/i686-linux-gnu/4.9/../../../i386-linux-gnu/:/usr/lib/gcc/i686-linux-gnu/4.9/../../../../lib/:/lib/i386-linux-gnu/:/lib/../lib/:/usr/lib/i386-linux-gnu/:/usr/lib/../lib/:/usr/lib/gcc/i686-linux-gnu/4.9/../../../:/lib/:/usr/lib/
COLLECT_GCC_OPTIONS='-v' '-o' 'cmTryCompileExec2120854130' '-rdynamic' '-mtune=generic' '-march=i686'
 /usr/lib/gcc/i686-linux-gnu/4.9/collect2 -plugin /usr/lib/gcc/i686-linux-gnu/4.9/liblto_plugin.so -plugin-opt=/usr/lib/gcc/i686-linux-gnu/4.9/lto-wrapper -plugin-opt=-fresolution=/tmp/ccwLRZq3.res -plugin-opt=-pass-through=-lgcc -plugin-opt=-pass-through=-lgcc_s -plugin-opt=-pass-through=-lc -plugin-opt=-pass-through=-lgcc -plugin-opt=-pass-through=-lgcc_s --sysroot=/ --build-id --eh-frame-hdr -m elf_i386 --hash-style=gnu --as-needed -export-dynamic -dynamic-linker /lib/ld-linux.so.2 -z relro -o cmTryCompileExec2120854130 /usr/lib/gcc/i686-linux-gnu/4.9/../../../i386-linux-gnu/crt1.o /usr/lib/gcc/i686-linux-gnu/4.9/../../../i386-linux-gnu/crti.o /usr/lib/gcc/i686-linux-gnu/4.9/crtbegin.o -L/usr/lib/gcc/i686-linux-gnu/4.9 -L/usr/lib/gcc/i686-linux-gnu/4.9/../../../i386-linux-gnu -L/usr/lib/gcc/i686-linux-gnu/4.9/../../../../lib -L/lib/i386-linux-gnu -L/lib/../lib -L/usr/lib/i386-linux-gnu -L/usr/lib/../lib -L/usr/lib/gcc/i686-linux-gnu/4.9/../../.. CMakeFiles/cmTryCompileExec2120854130.dir/CMakeCCompilerABI.c.o -lgcc --as-needed -lgcc_s --no-as-needed -lc -lgcc --as-needed -lgcc_s --no-as-needed /usr/lib/gcc/i686-linux-gnu/4.9/crtend.o /usr/lib/gcc/i686-linux-gnu/4.9/../../../i386-linux-gnu/crtn.o
make[1]: Leaving directory '/home/anu/kalzium/makefile2/CMakeFiles/CMakeTmp'


Parsed C implicit link information from above output:
  link line regex: [^( *|.*[/\])(ld|([^/\]+-)?ld|collect2)[^/\]*( |$)]
  ignore line: [Change Dir: /home/anu/kalzium/makefile2/CMakeFiles/CMakeTmp]
  ignore line: []
  ignore line: [Run Build Command:"/usr/bin/make" "cmTryCompileExec2120854130/fast"]
  ignore line: [/usr/bin/make -f CMakeFiles/cmTryCompileExec2120854130.dir/build.make CMakeFiles/cmTryCompileExec2120854130.dir/build]
  ignore line: [make[1]: Entering directory '/home/anu/kalzium/makefile2/CMakeFiles/CMakeTmp']
  ignore line: [/usr/local/bin/cmake -E cmake_progress_report /home/anu/kalzium/makefile2/CMakeFiles/CMakeTmp/CMakeFiles 1]
  ignore line: [Building C object CMakeFiles/cmTryCompileExec2120854130.dir/CMakeCCompilerABI.c.o]
  ignore line: [/usr/bin/cc    -o CMakeFiles/cmTryCompileExec2120854130.dir/CMakeCCompilerABI.c.o   -c /usr/local/share/cmake-3.0/Modules/CMakeCCompilerABI.c]
  ignore line: [Linking C executable cmTryCompileExec2120854130]
  ignore line: [/usr/local/bin/cmake -E cmake_link_script CMakeFiles/cmTryCompileExec2120854130.dir/link.txt --verbose=1]
  ignore line: [/usr/bin/cc     -v CMakeFiles/cmTryCompileExec2120854130.dir/CMakeCCompilerABI.c.o  -o cmTryCompileExec2120854130 -rdynamic  ]
  ignore line: [Using built-in specs.]
  ignore line: [COLLECT_GCC=/usr/bin/cc]
  ignore line: [COLLECT_LTO_WRAPPER=/usr/lib/gcc/i686-linux-gnu/4.9/lto-wrapper]
  ignore line: [Target: i686-linux-gnu]
  ignore line: [Configured with: ../src/configure -v --with-pkgversion='Ubuntu 4.9.1-16ubuntu6' --with-bugurl=file:///usr/share/doc/gcc-4.9/README.Bugs --enable-languages=c,c++,java,go,d,fortran,objc,obj-c++ --prefix=/usr --program-suffix=-4.9 --enable-shared --enable-linker-build-id --libexecdir=/usr/lib --without-included-gettext --enable-threads=posix --with-gxx-include-dir=/usr/include/c++/4.9 --libdir=/usr/lib --enable-nls --with-sysroot=/ --enable-clocale=gnu --enable-libstdcxx-debug --enable-libstdcxx-time=yes --enable-gnu-unique-object --disable-vtable-verify --enable-plugin --with-system-zlib --disable-browser-plugin --enable-java-awt=gtk --enable-gtk-cairo --with-java-home=/usr/lib/jvm/java-1.5.0-gcj-4.9-i386/jre --enable-java-home --with-jvm-root-dir=/usr/lib/jvm/java-1.5.0-gcj-4.9-i386 --with-jvm-jar-dir=/usr/lib/jvm-exports/java-1.5.0-gcj-4.9-i386 --with-arch-directory=i386 --with-ecj-jar=/usr/share/java/eclipse-ecj.jar --enable-objc-gc --enable-targets=all --enable-multiarch --disable-werror --with-arch-32=i686 --with-multilib-list=m32,m64,mx32 --enable-multilib --with-tune=generic --enable-checking=release --build=i686-linux-gnu --host=i686-linux-gnu --target=i686-linux-gnu]
  ignore line: [Thread model: posix]
  ignore line: [gcc version 4.9.1 (Ubuntu 4.9.1-16ubuntu6) ]
  ignore line: [COMPILER_PATH=/usr/lib/gcc/i686-linux-gnu/4.9/:/usr/lib/gcc/i686-linux-gnu/4.9/:/usr/lib/gcc/i686-linux-gnu/:/usr/lib/gcc/i686-linux-gnu/4.9/:/usr/lib/gcc/i686-linux-gnu/]
  ignore line: [LIBRARY_PATH=/usr/lib/gcc/i686-linux-gnu/4.9/:/usr/lib/gcc/i686-linux-gnu/4.9/../../../i386-linux-gnu/:/usr/lib/gcc/i686-linux-gnu/4.9/../../../../lib/:/lib/i386-linux-gnu/:/lib/../lib/:/usr/lib/i386-linux-gnu/:/usr/lib/../lib/:/usr/lib/gcc/i686-linux-gnu/4.9/../../../:/lib/:/usr/lib/]
  ignore line: [COLLECT_GCC_OPTIONS='-v' '-o' 'cmTryCompileExec2120854130' '-rdynamic' '-mtune=generic' '-march=i686']
  link line: [ /usr/lib/gcc/i686-linux-gnu/4.9/collect2 -plugin /usr/lib/gcc/i686-linux-gnu/4.9/liblto_plugin.so -plugin-opt=/usr/lib/gcc/i686-linux-gnu/4.9/lto-wrapper -plugin-opt=-fresolution=/tmp/ccwLRZq3.res -plugin-opt=-pass-through=-lgcc -plugin-opt=-pass-through=-lgcc_s -plugin-opt=-pass-through=-lc -plugin-opt=-pass-through=-lgcc -plugin-opt=-pass-through=-lgcc_s --sysroot=/ --build-id --eh-frame-hdr -m elf_i386 --hash-style=gnu --as-needed -export-dynamic -dynamic-linker /lib/ld-linux.so.2 -z relro -o cmTryCompileExec2120854130 /usr/lib/gcc/i686-linux-gnu/4.9/../../../i386-linux-gnu/crt1.o /usr/lib/gcc/i686-linux-gnu/4.9/../../../i386-linux-gnu/crti.o /usr/lib/gcc/i686-linux-gnu/4.9/crtbegin.o -L/usr/lib/gcc/i686-linux-gnu/4.9 -L/usr/lib/gcc/i686-linux-gnu/4.9/../../../i386-linux-gnu -L/usr/lib/gcc/i686-linux-gnu/4.9/../../../../lib -L/lib/i386-linux-gnu -L/lib/../lib -L/usr/lib/i386-linux-gnu -L/usr/lib/../lib -L/usr/lib/gcc/i686-linux-gnu/4.9/../../.. CMakeFiles/cmTryCompileExec2120854130.dir/CMakeCCompilerABI.c.o -lgcc --as-needed -lgcc_s --no-as-needed -lc -lgcc --as-needed -lgcc_s --no-as-needed /usr/lib/gcc/i686-linux-gnu/4.9/crtend.o /usr/lib/gcc/i686-linux-gnu/4.9/../../../i386-linux-gnu/crtn.o]
    arg [/usr/lib/gcc/i686-linux-gnu/4.9/collect2] ==> ignore
    arg [-plugin] ==> ignore
    arg [/usr/lib/gcc/i686-linux-gnu/4.9/liblto_plugin.so] ==> ignore
    arg [-plugin-opt=/usr/lib/gcc/i686-linux-gnu/4.9/lto-wrapper] ==> ignore
    arg [-plugin-opt=-fresolution=/tmp/ccwLRZq3.res] ==> ignore
    arg [-plugin-opt=-pass-through=-lgcc] ==> ignore
    arg [-plugin-opt=-pass-through=-lgcc_s] ==> ignore
    arg [-plugin-opt=-pass-through=-lc] ==> ignore
    arg [-plugin-opt=-pass-through=-lgcc] ==> ignore
    arg [-plugin-opt=-pass-through=-lgcc_s] ==> ignore
    arg [--sysroot=/] ==> ignore
    arg [--build-id] ==> ignore
    arg [--eh-frame-hdr] ==> ignore
    arg [-m] ==> ignore
    arg [elf_i386] ==> ignore
    arg [--hash-style=gnu] ==> ignore
    arg [--as-needed] ==> ignore
    arg [-export-dynamic] ==> ignore
    arg [-dynamic-linker] ==> ignore
    arg [/lib/ld-linux.so.2] ==> ignore
    arg [-zrelro] ==> ignore
    arg [-o] ==> ignore
    arg [cmTryCompileExec2120854130] ==> ignore
    arg [/usr/lib/gcc/i686-linux-gnu/4.9/../../../i386-linux-gnu/crt1.o] ==> ignore
    arg [/usr/lib/gcc/i686-linux-gnu/4.9/../../../i386-linux-gnu/crti.o] ==> ignore
    arg [/usr/lib/gcc/i686-linux-gnu/4.9/crtbegin.o] ==> ignore
    arg [-L/usr/lib/gcc/i686-linux-gnu/4.9] ==> dir [/usr/lib/gcc/i686-linux-gnu/4.9]
    arg [-L/usr/lib/gcc/i686-linux-gnu/4.9/../../../i386-linux-gnu] ==> dir [/usr/lib/gcc/i686-linux-gnu/4.9/../../../i386-linux-gnu]
    arg [-L/usr/lib/gcc/i686-linux-gnu/4.9/../../../../lib] ==> dir [/usr/lib/gcc/i686-linux-gnu/4.9/../../../../lib]
    arg [-L/lib/i386-linux-gnu] ==> dir [/lib/i386-linux-gnu]
    arg [-L/lib/../lib] ==> dir [/lib/../lib]
    arg [-L/usr/lib/i386-linux-gnu] ==> dir [/usr/lib/i386-linux-gnu]
    arg [-L/usr/lib/../lib] ==> dir [/usr/lib/../lib]
    arg [-L/usr/lib/gcc/i686-linux-gnu/4.9/../../..] ==> dir [/usr/lib/gcc/i686-linux-gnu/4.9/../../..]
    arg [CMakeFiles/cmTryCompileExec2120854130.dir/CMakeCCompilerABI.c.o] ==> ignore
    arg [-lgcc] ==> lib [gcc]
    arg [--as-needed] ==> ignore
    arg [-lgcc_s] ==> lib [gcc_s]
    arg [--no-as-needed] ==> ignore
    arg [-lc] ==> lib [c]
    arg [-lgcc] ==> lib [gcc]
    arg [--as-needed] ==> ignore
    arg [-lgcc_s] ==> lib [gcc_s]
    arg [--no-as-needed] ==> ignore
    arg [/usr/lib/gcc/i686-linux-gnu/4.9/crtend.o] ==> ignore
    arg [/usr/lib/gcc/i686-linux-gnu/4.9/../../../i386-linux-gnu/crtn.o] ==> ignore
  remove lib [gcc]
  remove lib [gcc_s]
  remove lib [gcc]
  remove lib [gcc_s]
  collapse library dir [/usr/lib/gcc/i686-linux-gnu/4.9] ==> [/usr/lib/gcc/i686-linux-gnu/4.9]
  collapse library dir [/usr/lib/gcc/i686-linux-gnu/4.9/../../../i386-linux-gnu] ==> [/usr/lib/i386-linux-gnu]
  collapse library dir [/usr/lib/gcc/i686-linux-gnu/4.9/../../../../lib] ==> [/usr/lib]
  collapse library dir [/lib/i386-linux-gnu] ==> [/lib/i386-linux-gnu]
  collapse library dir [/lib/../lib] ==> [/lib]
  collapse library dir [/usr/lib/i386-linux-gnu] ==> [/usr/lib/i386-linux-gnu]
  collapse library dir [/usr/lib/../lib] ==> [/usr/lib]
  collapse library dir [/usr/lib/gcc/i686-linux-gnu/4.9/../../..] ==> [/usr/lib]
  implicit libs: [c]
  implicit dirs: [/usr/lib/gcc/i686-linux-gnu/4.9;/usr/lib/i386-linux-gnu;/usr/lib;/lib/i386-linux-gnu;/lib]
  implicit fwks: []


Determining if the CXX compiler works passed with the following output:
Change Dir: /home/anu/kalzium/makefile2/CMakeFiles/CMakeTmp

Run Build Command:"/usr/bin/make" "cmTryCompileExec1395985044/fast"
/usr/bin/make -f CMakeFiles/cmTryCompileExec1395985044.dir/build.make CMakeFiles/cmTryCompileExec1395985044.dir/build
make[1]: Entering directory '/home/anu/kalzium/makefile2/CMakeFiles/CMakeTmp'
/usr/local/bin/cmake -E cmake_progress_report /home/anu/kalzium/makefile2/CMakeFiles/CMakeTmp/CMakeFiles 1
Building CXX object CMakeFiles/cmTryCompileExec1395985044.dir/testCXXCompiler.cxx.o
/usr/bin/c++     -o CMakeFiles/cmTryCompileExec1395985044.dir/testCXXCompiler.cxx.o -c /home/anu/kalzium/makefile2/CMakeFiles/CMakeTmp/testCXXCompiler.cxx
Linking CXX executable cmTryCompileExec1395985044
/usr/local/bin/cmake -E cmake_link_script CMakeFiles/cmTryCompileExec1395985044.dir/link.txt --verbose=1
/usr/bin/c++        CMakeFiles/cmTryCompileExec1395985044.dir/testCXXCompiler.cxx.o  -o cmTryCompileExec1395985044 -rdynamic 
make[1]: Leaving directory '/home/anu/kalzium/makefile2/CMakeFiles/CMakeTmp'


Detecting CXX compiler ABI info compiled with the following output:
Change Dir: /home/anu/kalzium/makefile2/CMakeFiles/CMakeTmp

Run Build Command:"/usr/bin/make" "cmTryCompileExec3477436625/fast"
/usr/bin/make -f CMakeFiles/cmTryCompileExec3477436625.dir/build.make CMakeFiles/cmTryCompileExec3477436625.dir/build
make[1]: Entering directory '/home/anu/kalzium/makefile2/CMakeFiles/CMakeTmp'
/usr/local/bin/cmake -E cmake_progress_report /home/anu/kalzium/makefile2/CMakeFiles/CMakeTmp/CMakeFiles 1
Building CXX object CMakeFiles/cmTryCompileExec3477436625.dir/CMakeCXXCompilerABI.cpp.o
/usr/bin/c++     -o CMakeFiles/cmTryCompileExec3477436625.dir/CMakeCXXCompilerABI.cpp.o -c /usr/local/share/cmake-3.0/Modules/CMakeCXXCompilerABI.cpp
Linking CXX executable cmTryCompileExec3477436625
/usr/local/bin/cmake -E cmake_link_script CMakeFiles/cmTryCompileExec3477436625.dir/link.txt --verbose=1
/usr/bin/c++      -v CMakeFiles/cmTryCompileExec3477436625.dir/CMakeCXXCompilerABI.cpp.o  -o cmTryCompileExec3477436625 -rdynamic  
Using built-in specs.
COLLECT_GCC=/usr/bin/c++
COLLECT_LTO_WRAPPER=/usr/lib/gcc/i686-linux-gnu/4.9/lto-wrapper
Target: i686-linux-gnu
Configured with: ../src/configure -v --with-pkgversion='Ubuntu 4.9.1-16ubuntu6' --with-bugurl=file:///usr/share/doc/gcc-4.9/README.Bugs --enable-languages=c,c++,java,go,d,fortran,objc,obj-c++ --prefix=/usr --program-suffix=-4.9 --enable-shared --enable-linker-build-id --libexecdir=/usr/lib --without-included-gettext --enable-threads=posix --with-gxx-include-dir=/usr/include/c++/4.9 --libdir=/usr/lib --enable-nls --with-sysroot=/ --enable-clocale=gnu --enable-libstdcxx-debug --enable-libstdcxx-time=yes --enable-gnu-unique-object --disable-vtable-verify --enable-plugin --with-system-zlib --disable-browser-plugin --enable-java-awt=gtk --enable-gtk-cairo --with-java-home=/usr/lib/jvm/java-1.5.0-gcj-4.9-i386/jre --enable-java-home --with-jvm-root-dir=/usr/lib/jvm/java-1.5.0-gcj-4.9-i386 --with-jvm-jar-dir=/usr/lib/jvm-exports/java-1.5.0-gcj-4.9-i386 --with-arch-directory=i386 --with-ecj-jar=/usr/share/java/eclipse-ecj.jar --enable-objc-gc --enable-targets=all --enable-multiarch --disable-werror --with-arch-32=i686 --with-multilib-list=m32,m64,mx32 --enable-multilib --with-tune=generic --enable-checking=release --build=i686-linux-gnu --host=i686-linux-gnu --target=i686-linux-gnu
Thread model: posix
gcc version 4.9.1 (Ubuntu 4.9.1-16ubuntu6) 
COMPILER_PATH=/usr/lib/gcc/i686-linux-gnu/4.9/:/usr/lib/gcc/i686-linux-gnu/4.9/:/usr/lib/gcc/i686-linux-gnu/:/usr/lib/gcc/i686-linux-gnu/4.9/:/usr/lib/gcc/i686-linux-gnu/
LIBRARY_PATH=/usr/lib/gcc/i686-linux-gnu/4.9/:/usr/lib/gcc/i686-linux-gnu/4.9/../../../i386-linux-gnu/:/usr/lib/gcc/i686-linux-gnu/4.9/../../../../lib/:/lib/i386-linux-gnu/:/lib/../lib/:/usr/lib/i386-linux-gnu/:/usr/lib/../lib/:/usr/lib/gcc/i686-linux-gnu/4.9/../../../:/lib/:/usr/lib/
COLLECT_GCC_OPTIONS='-v' '-o' 'cmTryCompileExec3477436625' '-rdynamic' '-shared-libgcc' '-mtune=generic' '-march=i686'
 /usr/lib/gcc/i686-linux-gnu/4.9/collect2 -plugin /usr/lib/gcc/i686-linux-gnu/4.9/liblto_plugin.so -plugin-opt=/usr/lib/gcc/i686-linux-gnu/4.9/lto-wrapper -plugin-opt=-fresolution=/tmp/cce8orHp.res -plugin-opt=-pass-through=-lgcc_s -plugin-opt=-pass-through=-lgcc -plugin-opt=-pass-through=-lc -plugin-opt=-pass-through=-lgcc_s -plugin-opt=-pass-through=-lgcc --sysroot=/ --build-id --eh-frame-hdr -m elf_i386 --hash-style=gnu --as-needed -export-dynamic -dynamic-linker /lib/ld-linux.so.2 -z relro -o cmTryCompileExec3477436625 /usr/lib/gcc/i686-linux-gnu/4.9/../../../i386-linux-gnu/crt1.o /usr/lib/gcc/i686-linux-gnu/4.9/../../../i386-linux-gnu/crti.o /usr/lib/gcc/i686-linux-gnu/4.9/crtbegin.o -L/usr/lib/gcc/i686-linux-gnu/4.9 -L/usr/lib/gcc/i686-linux-gnu/4.9/../../../i386-linux-gnu -L/usr/lib/gcc/i686-linux-gnu/4.9/../../../../lib -L/lib/i386-linux-gnu -L/lib/../lib -L/usr/lib/i386-linux-gnu -L/usr/lib/../lib -L/usr/lib/gcc/i686-linux-gnu/4.9/../../.. CMakeFiles/cmTryCompileExec3477436625.dir/CMakeCXXCompilerABI.cpp.o -lstdc++ -lm -lgcc_s -lgcc -lc -lgcc_s -lgcc /usr/lib/gcc/i686-linux-gnu/4.9/crtend.o /usr/lib/gcc/i686-linux-gnu/4.9/../../../i386-linux-gnu/crtn.o
make[1]: Leaving directory '/home/anu/kalzium/makefile2/CMakeFiles/CMakeTmp'


Parsed CXX implicit link information from above output:
  link line regex: [^( *|.*[/\])(ld|([^/\]+-)?ld|collect2)[^/\]*( |$)]
  ignore line: [Change Dir: /home/anu/kalzium/makefile2/CMakeFiles/CMakeTmp]
  ignore line: []
  ignore line: [Run Build Command:"/usr/bin/make" "cmTryCompileExec3477436625/fast"]
  ignore line: [/usr/bin/make -f CMakeFiles/cmTryCompileExec3477436625.dir/build.make CMakeFiles/cmTryCompileExec3477436625.dir/build]
  ignore line: [make[1]: Entering directory '/home/anu/kalzium/makefile2/CMakeFiles/CMakeTmp']
  ignore line: [/usr/local/bin/cmake -E cmake_progress_report /home/anu/kalzium/makefile2/CMakeFiles/CMakeTmp/CMakeFiles 1]
  ignore line: [Building CXX object CMakeFiles/cmTryCompileExec3477436625.dir/CMakeCXXCompilerABI.cpp.o]
  ignore line: [/usr/bin/c++     -o CMakeFiles/cmTryCompileExec3477436625.dir/CMakeCXXCompilerABI.cpp.o -c /usr/local/share/cmake-3.0/Modules/CMakeCXXCompilerABI.cpp]
  ignore line: [Linking CXX executable cmTryCompileExec3477436625]
  ignore line: [/usr/local/bin/cmake -E cmake_link_script CMakeFiles/cmTryCompileExec3477436625.dir/link.txt --verbose=1]
  ignore line: [/usr/bin/c++      -v CMakeFiles/cmTryCompileExec3477436625.dir/CMakeCXXCompilerABI.cpp.o  -o cmTryCompileExec3477436625 -rdynamic  ]
  ignore line: [Using built-in specs.]
  ignore line: [COLLECT_GCC=/usr/bin/c++]
  ignore line: [COLLECT_LTO_WRAPPER=/usr/lib/gcc/i686-linux-gnu/4.9/lto-wrapper]
  ignore line: [Target: i686-linux-gnu]
  ignore line: [Configured with: ../src/configure -v --with-pkgversion='Ubuntu 4.9.1-16ubuntu6' --with-bugurl=file:///usr/share/doc/gcc-4.9/README.Bugs --enable-languages=c,c++,java,go,d,fortran,objc,obj-c++ --prefix=/usr --program-suffix=-4.9 --enable-shared --enable-linker-build-id --libexecdir=/usr/lib --without-included-gettext --enable-threads=posix --with-gxx-include-dir=/usr/include/c++/4.9 --libdir=/usr/lib --enable-nls --with-sysroot=/ --enable-clocale=gnu --enable-libstdcxx-debug --enable-libstdcxx-time=yes --enable-gnu-unique-object --disable-vtable-verify --enable-plugin --with-system-zlib --disable-browser-plugin --enable-java-awt=gtk --enable-gtk-cairo --with-java-home=/usr/lib/jvm/java-1.5.0-gcj-4.9-i386/jre --enable-java-home --with-jvm-root-dir=/usr/lib/jvm/java-1.5.0-gcj-4.9-i386 --with-jvm-jar-dir=/usr/lib/jvm-exports/java-1.5.0-gcj-4.9-i386 --with-arch-directory=i386 --with-ecj-jar=/usr/share/java/eclipse-ecj.jar --enable-objc-gc --enable-targets=all --enable-multiarch --disable-werror --with-arch-32=i686 --with-multilib-list=m32,m64,mx32 --enable-multilib --with-tune=generic --enable-checking=release --build=i686-linux-gnu --host=i686-linux-gnu --target=i686-linux-gnu]
  ignore line: [Thread model: posix]
  ignore line: [gcc version 4.9.1 (Ubuntu 4.9.1-16ubuntu6) ]
  ignore line: [COMPILER_PATH=/usr/lib/gcc/i686-linux-gnu/4.9/:/usr/lib/gcc/i686-linux-gnu/4.9/:/usr/lib/gcc/i686-linux-gnu/:/usr/lib/gcc/i686-linux-gnu/4.9/:/usr/lib/gcc/i686-linux-gnu/]
  ignore line: [LIBRARY_PATH=/usr/lib/gcc/i686-linux-gnu/4.9/:/usr/lib/gcc/i686-linux-gnu/4.9/../../../i386-linux-gnu/:/usr/lib/gcc/i686-linux-gnu/4.9/../../../../lib/:/lib/i386-linux-gnu/:/lib/../lib/:/usr/lib/i386-linux-gnu/:/usr/lib/../lib/:/usr/lib/gcc/i686-linux-gnu/4.9/../../../:/lib/:/usr/lib/]
  ignore line: [COLLECT_GCC_OPTIONS='-v' '-o' 'cmTryCompileExec3477436625' '-rdynamic' '-shared-libgcc' '-mtune=generic' '-march=i686']
  link line: [ /usr/lib/gcc/i686-linux-gnu/4.9/collect2 -plugin /usr/lib/gcc/i686-linux-gnu/4.9/liblto_plugin.so -plugin-opt=/usr/lib/gcc/i686-linux-gnu/4.9/lto-wrapper -plugin-opt=-fresolution=/tmp/cce8orHp.res -plugin-opt=-pass-through=-lgcc_s -plugin-opt=-pass-through=-lgcc -plugin-opt=-pass-through=-lc -plugin-opt=-pass-through=-lgcc_s -plugin-opt=-pass-through=-lgcc --sysroot=/ --build-id --eh-frame-hdr -m elf_i386 --hash-style=gnu --as-needed -export-dynamic -dynamic-linker /lib/ld-linux.so.2 -z relro -o cmTryCompileExec3477436625 /usr/lib/gcc/i686-linux-gnu/4.9/../../../i386-linux-gnu/crt1.o /usr/lib/gcc/i686-linux-gnu/4.9/../../../i386-linux-gnu/crti.o /usr/lib/gcc/i686-linux-gnu/4.9/crtbegin.o -L/usr/lib/gcc/i686-linux-gnu/4.9 -L/usr/lib/gcc/i686-linux-gnu/4.9/../../../i386-linux-gnu -L/usr/lib/gcc/i686-linux-gnu/4.9/../../../../lib -L/lib/i386-linux-gnu -L/lib/../lib -L/usr/lib/i386-linux-gnu -L/usr/lib/../lib -L/usr/lib/gcc/i686-linux-gnu/4.9/../../.. CMakeFiles/cmTryCompileExec3477436625.dir/CMakeCXXCompilerABI.cpp.o -lstdc++ -lm -lgcc_s -lgcc -lc -lgcc_s -lgcc /usr/lib/gcc/i686-linux-gnu/4.9/crtend.o /usr/lib/gcc/i686-linux-gnu/4.9/../../../i386-linux-gnu/crtn.o]
    arg [/usr/lib/gcc/i686-linux-gnu/4.9/collect2] ==> ignore
    arg [-plugin] ==> ignore
    arg [/usr/lib/gcc/i686-linux-gnu/4.9/liblto_plugin.so] ==> ignore
    arg [-plugin-opt=/usr/lib/gcc/i686-linux-gnu/4.9/lto-wrapper] ==> ignore
    arg [-plugin-opt=-fresolution=/tmp/cce8orHp.res] ==> ignore
    arg [-plugin-opt=-pass-through=-lgcc_s] ==> ignore
    arg [-plugin-opt=-pass-through=-lgcc] ==> ignore
    arg [-plugin-opt=-pass-through=-lc] ==> ignore
    arg [-plugin-opt=-pass-through=-lgcc_s] ==> ignore
    arg [-plugin-opt=-pass-through=-lgcc] ==> ignore
    arg [--sysroot=/] ==> ignore
    arg [--build-id] ==> ignore
    arg [--eh-frame-hdr] ==> ignore
    arg [-m] ==> ignore
    arg [elf_i386] ==> ignore
    arg [--hash-style=gnu] ==> ignore
    arg [--as-needed] ==> ignore
    arg [-export-dynamic] ==> ignore
    arg [-dynamic-linker] ==> ignore
    arg [/lib/ld-linux.so.2] ==> ignore
    arg [-zrelro] ==> ignore
    arg [-o] ==> ignore
    arg [cmTryCompileExec3477436625] ==> ignore
    arg [/usr/lib/gcc/i686-linux-gnu/4.9/../../../i386-linux-gnu/crt1.o] ==> ignore
    arg [/usr/lib/gcc/i686-linux-gnu/4.9/../../../i386-linux-gnu/crti.o] ==> ignore
    arg [/usr/lib/gcc/i686-linux-gnu/4.9/crtbegin.o] ==> ignore
    arg [-L/usr/lib/gcc/i686-linux-gnu/4.9] ==> dir [/usr/lib/gcc/i686-linux-gnu/4.9]
    arg [-L/usr/lib/gcc/i686-linux-gnu/4.9/../../../i386-linux-gnu] ==> dir [/usr/lib/gcc/i686-linux-gnu/4.9/../../../i386-linux-gnu]
    arg [-L/usr/lib/gcc/i686-linux-gnu/4.9/../../../../lib] ==> dir [/usr/lib/gcc/i686-linux-gnu/4.9/../../../../lib]
    arg [-L/lib/i386-linux-gnu] ==> dir [/lib/i386-linux-gnu]
    arg [-L/lib/../lib] ==> dir [/lib/../lib]
    arg [-L/usr/lib/i386-linux-gnu] ==> dir [/usr/lib/i386-linux-gnu]
    arg [-L/usr/lib/../lib] ==> dir [/usr/lib/../lib]
    arg [-L/usr/lib/gcc/i686-linux-gnu/4.9/../../..] ==> dir [/usr/lib/gcc/i686-linux-gnu/4.9/../../..]
    arg [CMakeFiles/cmTryCompileExec3477436625.dir/CMakeCXXCompilerABI.cpp.o] ==> ignore
    arg [-lstdc++] ==> lib [stdc++]
    arg [-lm] ==> lib [m]
    arg [-lgcc_s] ==> lib [gcc_s]
    arg [-lgcc] ==> lib [gcc]
    arg [-lc] ==> lib [c]
    arg [-lgcc_s] ==> lib [gcc_s]
    arg [-lgcc] ==> lib [gcc]
    arg [/usr/lib/gcc/i686-linux-gnu/4.9/crtend.o] ==> ignore
    arg [/usr/lib/gcc/i686-linux-gnu/4.9/../../../i386-linux-gnu/crtn.o] ==> ignore
  remove lib [gcc_s]
  remove lib [gcc]
  remove lib [gcc_s]
  remove lib [gcc]
  collapse library dir [/usr/lib/gcc/i686-linux-gnu/4.9] ==> [/usr/lib/gcc/i686-linux-gnu/4.9]
  collapse library dir [/usr/lib/gcc/i686-linux-gnu/4.9/../../../i386-linux-gnu] ==> [/usr/lib/i386-linux-gnu]
  collapse library dir [/usr/lib/gcc/i686-linux-gnu/4.9/../../../../lib] ==> [/usr/lib]
  collapse library dir [/lib/i386-linux-gnu] ==> [/lib/i386-linux-gnu]
  collapse library dir [/lib/../lib] ==> [/lib]
  collapse library dir [/usr/lib/i386-linux-gnu] ==> [/usr/lib/i386-linux-gnu]
  collapse library dir [/usr/lib/../lib] ==> [/usr/lib]
  collapse library dir [/usr/lib/gcc/i686-linux-gnu/4.9/../../..] ==> [/usr/lib]
  implicit libs: [stdc++;m;c]
  implicit dirs: [/usr/lib/gcc/i686-linux-gnu/4.9;/usr/lib/i386-linux-gnu;/usr/lib;/lib/i386-linux-gnu;/lib]
  implicit fwks: []


Determining if the __GLIBC__ exist passed with the following output:
Change Dir: /home/anu/kalzium/makefile2/CMakeFiles/CMakeTmp

Run Build Command:"/usr/bin/make" "cmTryCompileExec1407565213/fast"
/usr/bin/make -f CMakeFiles/cmTryCompileExec1407565213.dir/build.make CMakeFiles/cmTryCompileExec1407565213.dir/build
make[1]: Entering directory '/home/anu/kalzium/makefile2/CMakeFiles/CMakeTmp'
/usr/local/bin/cmake -E cmake_progress_report /home/anu/kalzium/makefile2/CMakeFiles/CMakeTmp/CMakeFiles 1
Building C object CMakeFiles/cmTryCompileExec1407565213.dir/CheckSymbolExists.c.o
/usr/bin/cc    -o CMakeFiles/cmTryCompileExec1407565213.dir/CheckSymbolExists.c.o   -c /home/anu/kalzium/makefile2/CMakeFiles/CMakeTmp/CheckSymbolExists.c
Linking C executable cmTryCompileExec1407565213
/usr/local/bin/cmake -E cmake_link_script CMakeFiles/cmTryCompileExec1407565213.dir/link.txt --verbose=1
/usr/bin/cc       CMakeFiles/cmTryCompileExec1407565213.dir/CheckSymbolExists.c.o  -o cmTryCompileExec1407565213 -rdynamic 
make[1]: Leaving directory '/home/anu/kalzium/makefile2/CMakeFiles/CMakeTmp'

File /home/anu/kalzium/makefile2/CMakeFiles/CMakeTmp/CheckSymbolExists.c:
/* */
#include <stdlib.h>

int main(int argc, char** argv)
{
  (void)argv;
#ifndef __GLIBC__
  return ((int*)(&__GLIBC__))[argc];
#else
  (void)argc;
  return 0;
#endif
}

Determining if the Q_WS_X11 exist passed with the following output:
Change Dir: /home/anu/kalzium/makefile2/CMakeFiles/CMakeTmp

Run Build Command:"/usr/bin/make" "cmTryCompileExec1248016090/fast"
/usr/bin/make -f CMakeFiles/cmTryCompileExec1248016090.dir/build.make CMakeFiles/cmTryCompileExec1248016090.dir/build
make[1]: Entering directory '/home/anu/kalzium/makefile2/CMakeFiles/CMakeTmp'
/usr/local/bin/cmake -E cmake_progress_report /home/anu/kalzium/makefile2/CMakeFiles/CMakeTmp/CMakeFiles 1
Building CXX object CMakeFiles/cmTryCompileExec1248016090.dir/CheckSymbolExists.cxx.o
/usr/bin/c++   -D_FILE_OFFSET_BITS=64 -D_GNU_SOURCE -D_LARGEFILE64_SOURCE -std=c++0x -fno-exceptions -Wall -Wextra -Wcast-align -Wchar-subscripts -Wformat-security -Wno-long-long -Wpointer-arith -Wundef -Wnon-virtual-dtor -Woverloaded-virtual -Werror=return-type  -I/usr/include/qt4    -o CMakeFiles/cmTryCompileExec1248016090.dir/CheckSymbolExists.cxx.o -c /home/anu/kalzium/makefile2/CMakeFiles/CMakeTmp/CheckSymbolExists.cxx
Linking CXX executable cmTryCompileExec1248016090
/usr/local/bin/cmake -E cmake_link_script CMakeFiles/cmTryCompileExec1248016090.dir/link.txt --verbose=1
/usr/bin/c++    -std=c++0x -fno-exceptions -Wall -Wextra -Wcast-align -Wchar-subscripts -Wformat-security -Wno-long-long -Wpointer-arith -Wundef -Wnon-virtual-dtor -Woverloaded-virtual -Werror=return-type     CMakeFiles/cmTryCompileExec1248016090.dir/CheckSymbolExists.cxx.o  -o cmTryCompileExec1248016090 -rdynamic 
make[1]: Leaving directory '/home/anu/kalzium/makefile2/CMakeFiles/CMakeTmp'

File /home/anu/kalzium/makefile2/CMakeFiles/CMakeTmp/CheckSymbolExists.cxx:
/* */
#include <QtCore/qglobal.h>

int main(int argc, char** argv)
{
  (void)argv;
#ifndef Q_WS_X11
  return ((int*)(&Q_WS_X11))[argc];
#else
  (void)argc;
  return 0;
#endif
}

The system is: Linux - 3.16.0-23-generic - i686
Compiling the C compiler identification source file "CMakeCCompilerId.c" succeeded.
Compiler: /usr/bin/cc 
Build flags: 
Id flags: 

The output was:
0


Compilation of the C compiler identification source "CMakeCCompilerId.c" produced "a.out"

The C compiler identification is GNU, found in "/home/anu/kalzium/makefile2/CMakeFiles/2.8.12.2/CompilerIdC/a.out"

Compiling the CXX compiler identification source file "CMakeCXXCompilerId.cpp" succeeded.
Compiler: /usr/bin/c++ 
Build flags: 
Id flags: 

The output was:
0


Compilation of the CXX compiler identification source "CMakeCXXCompilerId.cpp" produced "a.out"

The CXX compiler identification is GNU, found in "/home/anu/kalzium/makefile2/CMakeFiles/2.8.12.2/CompilerIdCXX/a.out"

Determining if the C compiler works passed with the following output:
Change Dir: /home/anu/kalzium/makefile2/CMakeFiles/CMakeTmp

Run Build Command:/usr/bin/make "cmTryCompileExec3396071791/fast"
/usr/bin/make -f CMakeFiles/cmTryCompileExec3396071791.dir/build.make CMakeFiles/cmTryCompileExec3396071791.dir/build
make[1]: Entering directory '/home/anu/kalzium/makefile2/CMakeFiles/CMakeTmp'
/usr/bin/cmake -E cmake_progress_report /home/anu/kalzium/makefile2/CMakeFiles/CMakeTmp/CMakeFiles 1
Building C object CMakeFiles/cmTryCompileExec3396071791.dir/testCCompiler.c.o
/usr/bin/cc    -o CMakeFiles/cmTryCompileExec3396071791.dir/testCCompiler.c.o   -c /home/anu/kalzium/makefile2/CMakeFiles/CMakeTmp/testCCompiler.c
Linking C executable cmTryCompileExec3396071791
/usr/bin/cmake -E cmake_link_script CMakeFiles/cmTryCompileExec3396071791.dir/link.txt --verbose=1
/usr/bin/cc       CMakeFiles/cmTryCompileExec3396071791.dir/testCCompiler.c.o  -o cmTryCompileExec3396071791 -rdynamic 
make[1]: Leaving directory '/home/anu/kalzium/makefile2/CMakeFiles/CMakeTmp'


Detecting C compiler ABI info compiled with the following output:
Change Dir: /home/anu/kalzium/makefile2/CMakeFiles/CMakeTmp

Run Build Command:/usr/bin/make "cmTryCompileExec3782259292/fast"
/usr/bin/make -f CMakeFiles/cmTryCompileExec3782259292.dir/build.make CMakeFiles/cmTryCompileExec3782259292.dir/build
make[1]: Entering directory '/home/anu/kalzium/makefile2/CMakeFiles/CMakeTmp'
/usr/bin/cmake -E cmake_progress_report /home/anu/kalzium/makefile2/CMakeFiles/CMakeTmp/CMakeFiles 1
Building C object CMakeFiles/cmTryCompileExec3782259292.dir/CMakeCCompilerABI.c.o
/usr/bin/cc    -o CMakeFiles/cmTryCompileExec3782259292.dir/CMakeCCompilerABI.c.o   -c /usr/share/cmake-2.8/Modules/CMakeCCompilerABI.c
Linking C executable cmTryCompileExec3782259292
/usr/bin/cmake -E cmake_link_script CMakeFiles/cmTryCompileExec3782259292.dir/link.txt --verbose=1
/usr/bin/cc     -v CMakeFiles/cmTryCompileExec3782259292.dir/CMakeCCompilerABI.c.o  -o cmTryCompileExec3782259292 -rdynamic  
Using built-in specs.
COLLECT_GCC=/usr/bin/cc
COLLECT_LTO_WRAPPER=/usr/lib/gcc/i686-linux-gnu/4.9/lto-wrapper
Target: i686-linux-gnu
Configured with: ../src/configure -v --with-pkgversion='Ubuntu 4.9.1-16ubuntu6' --with-bugurl=file:///usr/share/doc/gcc-4.9/README.Bugs --enable-languages=c,c++,java,go,d,fortran,objc,obj-c++ --prefix=/usr --program-suffix=-4.9 --enable-shared --enable-linker-build-id --libexecdir=/usr/lib --without-included-gettext --enable-threads=posix --with-gxx-include-dir=/usr/include/c++/4.9 --libdir=/usr/lib --enable-nls --with-sysroot=/ --enable-clocale=gnu --enable-libstdcxx-debug --enable-libstdcxx-time=yes --enable-gnu-unique-object --disable-vtable-verify --enable-plugin --with-system-zlib --disable-browser-plugin --enable-java-awt=gtk --enable-gtk-cairo --with-java-home=/usr/lib/jvm/java-1.5.0-gcj-4.9-i386/jre --enable-java-home --with-jvm-root-dir=/usr/lib/jvm/java-1.5.0-gcj-4.9-i386 --with-jvm-jar-dir=/usr/lib/jvm-exports/java-1.5.0-gcj-4.9-i386 --with-arch-directory=i386 --with-ecj-jar=/usr/share/java/eclipse-ecj.jar --enable-objc-gc --enable-targets=all --enable-multiarch --disable-werror --with-arch-32=i686 --with-multilib-list=m32,m64,mx32 --enable-multilib --with-tune=generic --enable-checking=release --build=i686-linux-gnu --host=i686-linux-gnu --target=i686-linux-gnu
Thread model: posix
gcc version 4.9.1 (Ubuntu 4.9.1-16ubuntu6) 
COMPILER_PATH=/usr/lib/gcc/i686-linux-gnu/4.9/:/usr/lib/gcc/i686-linux-gnu/4.9/:/usr/lib/gcc/i686-linux-gnu/:/usr/lib/gcc/i686-linux-gnu/4.9/:/usr/lib/gcc/i686-linux-gnu/
LIBRARY_PATH=/usr/lib/gcc/i686-linux-gnu/4.9/:/usr/lib/gcc/i686-linux-gnu/4.9/../../../i386-linux-gnu/:/usr/lib/gcc/i686-linux-gnu/4.9/../../../../lib/:/lib/i386-linux-gnu/:/lib/../lib/:/usr/lib/i386-linux-gnu/:/usr/lib/../lib/:/usr/lib/gcc/i686-linux-gnu/4.9/../../../:/lib/:/usr/lib/
COLLECT_GCC_OPTIONS='-v' '-o' 'cmTryCompileExec3782259292' '-rdynamic' '-mtune=generic' '-march=i686'
 /usr/lib/gcc/i686-linux-gnu/4.9/collect2 -plugin /usr/lib/gcc/i686-linux-gnu/4.9/liblto_plugin.so -plugin-opt=/usr/lib/gcc/i686-linux-gnu/4.9/lto-wrapper -plugin-opt=-fresolution=/tmp/ccPZ6v3O.res -plugin-opt=-pass-through=-lgcc -plugin-opt=-pass-through=-lgcc_s -plugin-opt=-pass-through=-lc -plugin-opt=-pass-through=-lgcc -plugin-opt=-pass-through=-lgcc_s --sysroot=/ --build-id --eh-frame-hdr -m elf_i386 --hash-style=gnu --as-needed -export-dynamic -dynamic-linker /lib/ld-linux.so.2 -z relro -o cmTryCompileExec3782259292 /usr/lib/gcc/i686-linux-gnu/4.9/../../../i386-linux-gnu/crt1.o /usr/lib/gcc/i686-linux-gnu/4.9/../../../i386-linux-gnu/crti.o /usr/lib/gcc/i686-linux-gnu/4.9/crtbegin.o -L/usr/lib/gcc/i686-linux-gnu/4.9 -L/usr/lib/gcc/i686-linux-gnu/4.9/../../../i386-linux-gnu -L/usr/lib/gcc/i686-linux-gnu/4.9/../../../../lib -L/lib/i386-linux-gnu -L/lib/../lib -L/usr/lib/i386-linux-gnu -L/usr/lib/../lib -L/usr/lib/gcc/i686-linux-gnu/4.9/../../.. CMakeFiles/cmTryCompileExec3782259292.dir/CMakeCCompilerABI.c.o -lgcc --as-needed -lgcc_s --no-as-needed -lc -lgcc --as-needed -lgcc_s --no-as-needed /usr/lib/gcc/i686-linux-gnu/4.9/crtend.o /usr/lib/gcc/i686-linux-gnu/4.9/../../../i386-linux-gnu/crtn.o
make[1]: Leaving directory '/home/anu/kalzium/makefile2/CMakeFiles/CMakeTmp'


Parsed C implicit link information from above output:
  link line regex: [^( *|.*[/\])(ld|([^/\]+-)?ld|collect2)[^/\]*( |$)]
  ignore line: [Change Dir: /home/anu/kalzium/makefile2/CMakeFiles/CMakeTmp]
  ignore line: []
  ignore line: [Run Build Command:/usr/bin/make "cmTryCompileExec3782259292/fast"]
  ignore line: [/usr/bin/make -f CMakeFiles/cmTryCompileExec3782259292.dir/build.make CMakeFiles/cmTryCompileExec3782259292.dir/build]
  ignore line: [make[1]: Entering directory '/home/anu/kalzium/makefile2/CMakeFiles/CMakeTmp']
  ignore line: [/usr/bin/cmake -E cmake_progress_report /home/anu/kalzium/makefile2/CMakeFiles/CMakeTmp/CMakeFiles 1]
  ignore line: [Building C object CMakeFiles/cmTryCompileExec3782259292.dir/CMakeCCompilerABI.c.o]
  ignore line: [/usr/bin/cc    -o CMakeFiles/cmTryCompileExec3782259292.dir/CMakeCCompilerABI.c.o   -c /usr/share/cmake-2.8/Modules/CMakeCCompilerABI.c]
  ignore line: [Linking C executable cmTryCompileExec3782259292]
  ignore line: [/usr/bin/cmake -E cmake_link_script CMakeFiles/cmTryCompileExec3782259292.dir/link.txt --verbose=1]
  ignore line: [/usr/bin/cc     -v CMakeFiles/cmTryCompileExec3782259292.dir/CMakeCCompilerABI.c.o  -o cmTryCompileExec3782259292 -rdynamic  ]
  ignore line: [Using built-in specs.]
  ignore line: [COLLECT_GCC=/usr/bin/cc]
  ignore line: [COLLECT_LTO_WRAPPER=/usr/lib/gcc/i686-linux-gnu/4.9/lto-wrapper]
  ignore line: [Target: i686-linux-gnu]
  ignore line: [Configured with: ../src/configure -v --with-pkgversion='Ubuntu 4.9.1-16ubuntu6' --with-bugurl=file:///usr/share/doc/gcc-4.9/README.Bugs --enable-languages=c,c++,java,go,d,fortran,objc,obj-c++ --prefix=/usr --program-suffix=-4.9 --enable-shared --enable-linker-build-id --libexecdir=/usr/lib --without-included-gettext --enable-threads=posix --with-gxx-include-dir=/usr/include/c++/4.9 --libdir=/usr/lib --enable-nls --with-sysroot=/ --enable-clocale=gnu --enable-libstdcxx-debug --enable-libstdcxx-time=yes --enable-gnu-unique-object --disable-vtable-verify --enable-plugin --with-system-zlib --disable-browser-plugin --enable-java-awt=gtk --enable-gtk-cairo --with-java-home=/usr/lib/jvm/java-1.5.0-gcj-4.9-i386/jre --enable-java-home --with-jvm-root-dir=/usr/lib/jvm/java-1.5.0-gcj-4.9-i386 --with-jvm-jar-dir=/usr/lib/jvm-exports/java-1.5.0-gcj-4.9-i386 --with-arch-directory=i386 --with-ecj-jar=/usr/share/java/eclipse-ecj.jar --enable-objc-gc --enable-targets=all --enable-multiarch --disable-werror --with-arch-32=i686 --with-multilib-list=m32,m64,mx32 --enable-multilib --with-tune=generic --enable-checking=release --build=i686-linux-gnu --host=i686-linux-gnu --target=i686-linux-gnu]
  ignore line: [Thread model: posix]
  ignore line: [gcc version 4.9.1 (Ubuntu 4.9.1-16ubuntu6) ]
  ignore line: [COMPILER_PATH=/usr/lib/gcc/i686-linux-gnu/4.9/:/usr/lib/gcc/i686-linux-gnu/4.9/:/usr/lib/gcc/i686-linux-gnu/:/usr/lib/gcc/i686-linux-gnu/4.9/:/usr/lib/gcc/i686-linux-gnu/]
  ignore line: [LIBRARY_PATH=/usr/lib/gcc/i686-linux-gnu/4.9/:/usr/lib/gcc/i686-linux-gnu/4.9/../../../i386-linux-gnu/:/usr/lib/gcc/i686-linux-gnu/4.9/../../../../lib/:/lib/i386-linux-gnu/:/lib/../lib/:/usr/lib/i386-linux-gnu/:/usr/lib/../lib/:/usr/lib/gcc/i686-linux-gnu/4.9/../../../:/lib/:/usr/lib/]
  ignore line: [COLLECT_GCC_OPTIONS='-v' '-o' 'cmTryCompileExec3782259292' '-rdynamic' '-mtune=generic' '-march=i686']
  link line: [ /usr/lib/gcc/i686-linux-gnu/4.9/collect2 -plugin /usr/lib/gcc/i686-linux-gnu/4.9/liblto_plugin.so -plugin-opt=/usr/lib/gcc/i686-linux-gnu/4.9/lto-wrapper -plugin-opt=-fresolution=/tmp/ccPZ6v3O.res -plugin-opt=-pass-through=-lgcc -plugin-opt=-pass-through=-lgcc_s -plugin-opt=-pass-through=-lc -plugin-opt=-pass-through=-lgcc -plugin-opt=-pass-through=-lgcc_s --sysroot=/ --build-id --eh-frame-hdr -m elf_i386 --hash-style=gnu --as-needed -export-dynamic -dynamic-linker /lib/ld-linux.so.2 -z relro -o cmTryCompileExec3782259292 /usr/lib/gcc/i686-linux-gnu/4.9/../../../i386-linux-gnu/crt1.o /usr/lib/gcc/i686-linux-gnu/4.9/../../../i386-linux-gnu/crti.o /usr/lib/gcc/i686-linux-gnu/4.9/crtbegin.o -L/usr/lib/gcc/i686-linux-gnu/4.9 -L/usr/lib/gcc/i686-linux-gnu/4.9/../../../i386-linux-gnu -L/usr/lib/gcc/i686-linux-gnu/4.9/../../../../lib -L/lib/i386-linux-gnu -L/lib/../lib -L/usr/lib/i386-linux-gnu -L/usr/lib/../lib -L/usr/lib/gcc/i686-linux-gnu/4.9/../../.. CMakeFiles/cmTryCompileExec3782259292.dir/CMakeCCompilerABI.c.o -lgcc --as-needed -lgcc_s --no-as-needed -lc -lgcc --as-needed -lgcc_s --no-as-needed /usr/lib/gcc/i686-linux-gnu/4.9/crtend.o /usr/lib/gcc/i686-linux-gnu/4.9/../../../i386-linux-gnu/crtn.o]
    arg [/usr/lib/gcc/i686-linux-gnu/4.9/collect2] ==> ignore
    arg [-plugin] ==> ignore
    arg [/usr/lib/gcc/i686-linux-gnu/4.9/liblto_plugin.so] ==> ignore
    arg [-plugin-opt=/usr/lib/gcc/i686-linux-gnu/4.9/lto-wrapper] ==> ignore
    arg [-plugin-opt=-fresolution=/tmp/ccPZ6v3O.res] ==> ignore
    arg [-plugin-opt=-pass-through=-lgcc] ==> ignore
    arg [-plugin-opt=-pass-through=-lgcc_s] ==> ignore
    arg [-plugin-opt=-pass-through=-lc] ==> ignore
    arg [-plugin-opt=-pass-through=-lgcc] ==> ignore
    arg [-plugin-opt=-pass-through=-lgcc_s] ==> ignore
    arg [--sysroot=/] ==> ignore
    arg [--build-id] ==> ignore
    arg [--eh-frame-hdr] ==> ignore
    arg [-m] ==> ignore
    arg [elf_i386] ==> ignore
    arg [--hash-style=gnu] ==> ignore
    arg [--as-needed] ==> ignore
    arg [-export-dynamic] ==> ignore
    arg [-dynamic-linker] ==> ignore
    arg [/lib/ld-linux.so.2] ==> ignore
    arg [-zrelro] ==> ignore
    arg [-o] ==> ignore
    arg [cmTryCompileExec3782259292] ==> ignore
    arg [/usr/lib/gcc/i686-linux-gnu/4.9/../../../i386-linux-gnu/crt1.o] ==> ignore
    arg [/usr/lib/gcc/i686-linux-gnu/4.9/../../../i386-linux-gnu/crti.o] ==> ignore
    arg [/usr/lib/gcc/i686-linux-gnu/4.9/crtbegin.o] ==> ignore
    arg [-L/usr/lib/gcc/i686-linux-gnu/4.9] ==> dir [/usr/lib/gcc/i686-linux-gnu/4.9]
    arg [-L/usr/lib/gcc/i686-linux-gnu/4.9/../../../i386-linux-gnu] ==> dir [/usr/lib/gcc/i686-linux-gnu/4.9/../../../i386-linux-gnu]
    arg [-L/usr/lib/gcc/i686-linux-gnu/4.9/../../../../lib] ==> dir [/usr/lib/gcc/i686-linux-gnu/4.9/../../../../lib]
    arg [-L/lib/i386-linux-gnu] ==> dir [/lib/i386-linux-gnu]
    arg [-L/lib/../lib] ==> dir [/lib/../lib]
    arg [-L/usr/lib/i386-linux-gnu] ==> dir [/usr/lib/i386-linux-gnu]
    arg [-L/usr/lib/../lib] ==> dir [/usr/lib/../lib]
    arg [-L/usr/lib/gcc/i686-linux-gnu/4.9/../../..] ==> dir [/usr/lib/gcc/i686-linux-gnu/4.9/../../..]
    arg [CMakeFiles/cmTryCompileExec3782259292.dir/CMakeCCompilerABI.c.o] ==> ignore
    arg [-lgcc] ==> lib [gcc]
    arg [--as-needed] ==> ignore
    arg [-lgcc_s] ==> lib [gcc_s]
    arg [--no-as-needed] ==> ignore
    arg [-lc] ==> lib [c]
    arg [-lgcc] ==> lib [gcc]
    arg [--as-needed] ==> ignore
    arg [-lgcc_s] ==> lib [gcc_s]
    arg [--no-as-needed] ==> ignore
    arg [/usr/lib/gcc/i686-linux-gnu/4.9/crtend.o] ==> ignore
    arg [/usr/lib/gcc/i686-linux-gnu/4.9/../../../i386-linux-gnu/crtn.o] ==> ignore
  remove lib [gcc]
  remove lib [gcc_s]
  remove lib [gcc]
  remove lib [gcc_s]
  collapse library dir [/usr/lib/gcc/i686-linux-gnu/4.9] ==> [/usr/lib/gcc/i686-linux-gnu/4.9]
  collapse library dir [/usr/lib/gcc/i686-linux-gnu/4.9/../../../i386-linux-gnu] ==> [/usr/lib/i386-linux-gnu]
  collapse library dir [/usr/lib/gcc/i686-linux-gnu/4.9/../../../../lib] ==> [/usr/lib]
  collapse library dir [/lib/i386-linux-gnu] ==> [/lib/i386-linux-gnu]
  collapse library dir [/lib/../lib] ==> [/lib]
  collapse library dir [/usr/lib/i386-linux-gnu] ==> [/usr/lib/i386-linux-gnu]
  collapse library dir [/usr/lib/../lib] ==> [/usr/lib]
  collapse library dir [/usr/lib/gcc/i686-linux-gnu/4.9/../../..] ==> [/usr/lib]
  implicit libs: [c]
  implicit dirs: [/usr/lib/gcc/i686-linux-gnu/4.9;/usr/lib/i386-linux-gnu;/usr/lib;/lib/i386-linux-gnu;/lib]
  implicit fwks: []


Determining if the CXX compiler works passed with the following output:
Change Dir: /home/anu/kalzium/makefile2/CMakeFiles/CMakeTmp

Run Build Command:/usr/bin/make "cmTryCompileExec2338216448/fast"
/usr/bin/make -f CMakeFiles/cmTryCompileExec2338216448.dir/build.make CMakeFiles/cmTryCompileExec2338216448.dir/build
make[1]: Entering directory '/home/anu/kalzium/makefile2/CMakeFiles/CMakeTmp'
/usr/bin/cmake -E cmake_progress_report /home/anu/kalzium/makefile2/CMakeFiles/CMakeTmp/CMakeFiles 1
Building CXX object CMakeFiles/cmTryCompileExec2338216448.dir/testCXXCompiler.cxx.o
/usr/bin/c++     -o CMakeFiles/cmTryCompileExec2338216448.dir/testCXXCompiler.cxx.o -c /home/anu/kalzium/makefile2/CMakeFiles/CMakeTmp/testCXXCompiler.cxx
Linking CXX executable cmTryCompileExec2338216448
/usr/bin/cmake -E cmake_link_script CMakeFiles/cmTryCompileExec2338216448.dir/link.txt --verbose=1
/usr/bin/c++        CMakeFiles/cmTryCompileExec2338216448.dir/testCXXCompiler.cxx.o  -o cmTryCompileExec2338216448 -rdynamic 
make[1]: Leaving directory '/home/anu/kalzium/makefile2/CMakeFiles/CMakeTmp'


Detecting CXX compiler ABI info compiled with the following output:
Change Dir: /home/anu/kalzium/makefile2/CMakeFiles/CMakeTmp

Run Build Command:/usr/bin/make "cmTryCompileExec927440413/fast"
/usr/bin/make -f CMakeFiles/cmTryCompileExec927440413.dir/build.make CMakeFiles/cmTryCompileExec927440413.dir/build
make[1]: Entering directory '/home/anu/kalzium/makefile2/CMakeFiles/CMakeTmp'
/usr/bin/cmake -E cmake_progress_report /home/anu/kalzium/makefile2/CMakeFiles/CMakeTmp/CMakeFiles 1
Building CXX object CMakeFiles/cmTryCompileExec927440413.dir/CMakeCXXCompilerABI.cpp.o
/usr/bin/c++     -o CMakeFiles/cmTryCompileExec927440413.dir/CMakeCXXCompilerABI.cpp.o -c /usr/share/cmake-2.8/Modules/CMakeCXXCompilerABI.cpp
Linking CXX executable cmTryCompileExec927440413
/usr/bin/cmake -E cmake_link_script CMakeFiles/cmTryCompileExec927440413.dir/link.txt --verbose=1
/usr/bin/c++      -v CMakeFiles/cmTryCompileExec927440413.dir/CMakeCXXCompilerABI.cpp.o  -o cmTryCompileExec927440413 -rdynamic  
Using built-in specs.
COLLECT_GCC=/usr/bin/c++
COLLECT_LTO_WRAPPER=/usr/lib/gcc/i686-linux-gnu/4.9/lto-wrapper
Target: i686-linux-gnu
Configured with: ../src/configure -v --with-pkgversion='Ubuntu 4.9.1-16ubuntu6' --with-bugurl=file:///usr/share/doc/gcc-4.9/README.Bugs --enable-languages=c,c++,java,go,d,fortran,objc,obj-c++ --prefix=/usr --program-suffix=-4.9 --enable-shared --enable-linker-build-id --libexecdir=/usr/lib --without-included-gettext --enable-threads=posix --with-gxx-include-dir=/usr/include/c++/4.9 --libdir=/usr/lib --enable-nls --with-sysroot=/ --enable-clocale=gnu --enable-libstdcxx-debug --enable-libstdcxx-time=yes --enable-gnu-unique-object --disable-vtable-verify --enable-plugin --with-system-zlib --disable-browser-plugin --enable-java-awt=gtk --enable-gtk-cairo --with-java-home=/usr/lib/jvm/java-1.5.0-gcj-4.9-i386/jre --enable-java-home --with-jvm-root-dir=/usr/lib/jvm/java-1.5.0-gcj-4.9-i386 --with-jvm-jar-dir=/usr/lib/jvm-exports/java-1.5.0-gcj-4.9-i386 --with-arch-directory=i386 --with-ecj-jar=/usr/share/java/eclipse-ecj.jar --enable-objc-gc --enable-targets=all --enable-multiarch --disable-werror --with-arch-32=i686 --with-multilib-list=m32,m64,mx32 --enable-multilib --with-tune=generic --enable-checking=release --build=i686-linux-gnu --host=i686-linux-gnu --target=i686-linux-gnu
Thread model: posix
gcc version 4.9.1 (Ubuntu 4.9.1-16ubuntu6) 
COMPILER_PATH=/usr/lib/gcc/i686-linux-gnu/4.9/:/usr/lib/gcc/i686-linux-gnu/4.9/:/usr/lib/gcc/i686-linux-gnu/:/usr/lib/gcc/i686-linux-gnu/4.9/:/usr/lib/gcc/i686-linux-gnu/
LIBRARY_PATH=/usr/lib/gcc/i686-linux-gnu/4.9/:/usr/lib/gcc/i686-linux-gnu/4.9/../../../i386-linux-gnu/:/usr/lib/gcc/i686-linux-gnu/4.9/../../../../lib/:/lib/i386-linux-gnu/:/lib/../lib/:/usr/lib/i386-linux-gnu/:/usr/lib/../lib/:/usr/lib/gcc/i686-linux-gnu/4.9/../../../:/lib/:/usr/lib/
COLLECT_GCC_OPTIONS='-v' '-o' 'cmTryCompileExec927440413' '-rdynamic' '-shared-libgcc' '-mtune=generic' '-march=i686'
 /usr/lib/gcc/i686-linux-gnu/4.9/collect2 -plugin /usr/lib/gcc/i686-linux-gnu/4.9/liblto_plugin.so -plugin-opt=/usr/lib/gcc/i686-linux-gnu/4.9/lto-wrapper -plugin-opt=-fresolution=/tmp/ccHrMrEF.res -plugin-opt=-pass-through=-lgcc_s -plugin-opt=-pass-through=-lgcc -plugin-opt=-pass-through=-lc -plugin-opt=-pass-through=-lgcc_s -plugin-opt=-pass-through=-lgcc --sysroot=/ --build-id --eh-frame-hdr -m elf_i386 --hash-style=gnu --as-needed -export-dynamic -dynamic-linker /lib/ld-linux.so.2 -z relro -o cmTryCompileExec927440413 /usr/lib/gcc/i686-linux-gnu/4.9/../../../i386-linux-gnu/crt1.o /usr/lib/gcc/i686-linux-gnu/4.9/../../../i386-linux-gnu/crti.o /usr/lib/gcc/i686-linux-gnu/4.9/crtbegin.o -L/usr/lib/gcc/i686-linux-gnu/4.9 -L/usr/lib/gcc/i686-linux-gnu/4.9/../../../i386-linux-gnu -L/usr/lib/gcc/i686-linux-gnu/4.9/../../../../lib -L/lib/i386-linux-gnu -L/lib/../lib -L/usr/lib/i386-linux-gnu -L/usr/lib/../lib -L/usr/lib/gcc/i686-linux-gnu/4.9/../../.. CMakeFiles/cmTryCompileExec927440413.dir/CMakeCXXCompilerABI.cpp.o -lstdc++ -lm -lgcc_s -lgcc -lc -lgcc_s -lgcc /usr/lib/gcc/i686-linux-gnu/4.9/crtend.o /usr/lib/gcc/i686-linux-gnu/4.9/../../../i386-linux-gnu/crtn.o
make[1]: Leaving directory '/home/anu/kalzium/makefile2/CMakeFiles/CMakeTmp'


Parsed CXX implicit link information from above output:
  link line regex: [^( *|.*[/\])(ld|([^/\]+-)?ld|collect2)[^/\]*( |$)]
  ignore line: [Change Dir: /home/anu/kalzium/makefile2/CMakeFiles/CMakeTmp]
  ignore line: []
  ignore line: [Run Build Command:/usr/bin/make "cmTryCompileExec927440413/fast"]
  ignore line: [/usr/bin/make -f CMakeFiles/cmTryCompileExec927440413.dir/build.make CMakeFiles/cmTryCompileExec927440413.dir/build]
  ignore line: [make[1]: Entering directory '/home/anu/kalzium/makefile2/CMakeFiles/CMakeTmp']
  ignore line: [/usr/bin/cmake -E cmake_progress_report /home/anu/kalzium/makefile2/CMakeFiles/CMakeTmp/CMakeFiles 1]
  ignore line: [Building CXX object CMakeFiles/cmTryCompileExec927440413.dir/CMakeCXXCompilerABI.cpp.o]
  ignore line: [/usr/bin/c++     -o CMakeFiles/cmTryCompileExec927440413.dir/CMakeCXXCompilerABI.cpp.o -c /usr/share/cmake-2.8/Modules/CMakeCXXCompilerABI.cpp]
  ignore line: [Linking CXX executable cmTryCompileExec927440413]
  ignore line: [/usr/bin/cmake -E cmake_link_script CMakeFiles/cmTryCompileExec927440413.dir/link.txt --verbose=1]
  ignore line: [/usr/bin/c++      -v CMakeFiles/cmTryCompileExec927440413.dir/CMakeCXXCompilerABI.cpp.o  -o cmTryCompileExec927440413 -rdynamic  ]
  ignore line: [Using built-in specs.]
  ignore line: [COLLECT_GCC=/usr/bin/c++]
  ignore line: [COLLECT_LTO_WRAPPER=/usr/lib/gcc/i686-linux-gnu/4.9/lto-wrapper]
  ignore line: [Target: i686-linux-gnu]
  ignore line: [Configured with: ../src/configure -v --with-pkgversion='Ubuntu 4.9.1-16ubuntu6' --with-bugurl=file:///usr/share/doc/gcc-4.9/README.Bugs --enable-languages=c,c++,java,go,d,fortran,objc,obj-c++ --prefix=/usr --program-suffix=-4.9 --enable-shared --enable-linker-build-id --libexecdir=/usr/lib --without-included-gettext --enable-threads=posix --with-gxx-include-dir=/usr/include/c++/4.9 --libdir=/usr/lib --enable-nls --with-sysroot=/ --enable-clocale=gnu --enable-libstdcxx-debug --enable-libstdcxx-time=yes --enable-gnu-unique-object --disable-vtable-verify --enable-plugin --with-system-zlib --disable-browser-plugin --enable-java-awt=gtk --enable-gtk-cairo --with-java-home=/usr/lib/jvm/java-1.5.0-gcj-4.9-i386/jre --enable-java-home --with-jvm-root-dir=/usr/lib/jvm/java-1.5.0-gcj-4.9-i386 --with-jvm-jar-dir=/usr/lib/jvm-exports/java-1.5.0-gcj-4.9-i386 --with-arch-directory=i386 --with-ecj-jar=/usr/share/java/eclipse-ecj.jar --enable-objc-gc --enable-targets=all --enable-multiarch --disable-werror --with-arch-32=i686 --with-multilib-list=m32,m64,mx32 --enable-multilib --with-tune=generic --enable-checking=release --build=i686-linux-gnu --host=i686-linux-gnu --target=i686-linux-gnu]
  ignore line: [Thread model: posix]
  ignore line: [gcc version 4.9.1 (Ubuntu 4.9.1-16ubuntu6) ]
  ignore line: [COMPILER_PATH=/usr/lib/gcc/i686-linux-gnu/4.9/:/usr/lib/gcc/i686-linux-gnu/4.9/:/usr/lib/gcc/i686-linux-gnu/:/usr/lib/gcc/i686-linux-gnu/4.9/:/usr/lib/gcc/i686-linux-gnu/]
  ignore line: [LIBRARY_PATH=/usr/lib/gcc/i686-linux-gnu/4.9/:/usr/lib/gcc/i686-linux-gnu/4.9/../../../i386-linux-gnu/:/usr/lib/gcc/i686-linux-gnu/4.9/../../../../lib/:/lib/i386-linux-gnu/:/lib/../lib/:/usr/lib/i386-linux-gnu/:/usr/lib/../lib/:/usr/lib/gcc/i686-linux-gnu/4.9/../../../:/lib/:/usr/lib/]
  ignore line: [COLLECT_GCC_OPTIONS='-v' '-o' 'cmTryCompileExec927440413' '-rdynamic' '-shared-libgcc' '-mtune=generic' '-march=i686']
  link line: [ /usr/lib/gcc/i686-linux-gnu/4.9/collect2 -plugin /usr/lib/gcc/i686-linux-gnu/4.9/liblto_plugin.so -plugin-opt=/usr/lib/gcc/i686-linux-gnu/4.9/lto-wrapper -plugin-opt=-fresolution=/tmp/ccHrMrEF.res -plugin-opt=-pass-through=-lgcc_s -plugin-opt=-pass-through=-lgcc -plugin-opt=-pass-through=-lc -plugin-opt=-pass-through=-lgcc_s -plugin-opt=-pass-through=-lgcc --sysroot=/ --build-id --eh-frame-hdr -m elf_i386 --hash-style=gnu --as-needed -export-dynamic -dynamic-linker /lib/ld-linux.so.2 -z relro -o cmTryCompileExec927440413 /usr/lib/gcc/i686-linux-gnu/4.9/../../../i386-linux-gnu/crt1.o /usr/lib/gcc/i686-linux-gnu/4.9/../../../i386-linux-gnu/crti.o /usr/lib/gcc/i686-linux-gnu/4.9/crtbegin.o -L/usr/lib/gcc/i686-linux-gnu/4.9 -L/usr/lib/gcc/i686-linux-gnu/4.9/../../../i386-linux-gnu -L/usr/lib/gcc/i686-linux-gnu/4.9/../../../../lib -L/lib/i386-linux-gnu -L/lib/../lib -L/usr/lib/i386-linux-gnu -L/usr/lib/../lib -L/usr/lib/gcc/i686-linux-gnu/4.9/../../.. CMakeFiles/cmTryCompileExec927440413.dir/CMakeCXXCompilerABI.cpp.o -lstdc++ -lm -lgcc_s -lgcc -lc -lgcc_s -lgcc /usr/lib/gcc/i686-linux-gnu/4.9/crtend.o /usr/lib/gcc/i686-linux-gnu/4.9/../../../i386-linux-gnu/crtn.o]
    arg [/usr/lib/gcc/i686-linux-gnu/4.9/collect2] ==> ignore
    arg [-plugin] ==> ignore
    arg [/usr/lib/gcc/i686-linux-gnu/4.9/liblto_plugin.so] ==> ignore
    arg [-plugin-opt=/usr/lib/gcc/i686-linux-gnu/4.9/lto-wrapper] ==> ignore
    arg [-plugin-opt=-fresolution=/tmp/ccHrMrEF.res] ==> ignore
    arg [-plugin-opt=-pass-through=-lgcc_s] ==> ignore
    arg [-plugin-opt=-pass-through=-lgcc] ==> ignore
    arg [-plugin-opt=-pass-through=-lc] ==> ignore
    arg [-plugin-opt=-pass-through=-lgcc_s] ==> ignore
    arg [-plugin-opt=-pass-through=-lgcc] ==> ignore
    arg [--sysroot=/] ==> ignore
    arg [--build-id] ==> ignore
    arg [--eh-frame-hdr] ==> ignore
    arg [-m] ==> ignore
    arg [elf_i386] ==> ignore
    arg [--hash-style=gnu] ==> ignore
    arg [--as-needed] ==> ignore
    arg [-export-dynamic] ==> ignore
    arg [-dynamic-linker] ==> ignore
    arg [/lib/ld-linux.so.2] ==> ignore
    arg [-zrelro] ==> ignore
    arg [-o] ==> ignore
    arg [cmTryCompileExec927440413] ==> ignore
    arg [/usr/lib/gcc/i686-linux-gnu/4.9/../../../i386-linux-gnu/crt1.o] ==> ignore
    arg [/usr/lib/gcc/i686-linux-gnu/4.9/../../../i386-linux-gnu/crti.o] ==> ignore
    arg [/usr/lib/gcc/i686-linux-gnu/4.9/crtbegin.o] ==> ignore
    arg [-L/usr/lib/gcc/i686-linux-gnu/4.9] ==> dir [/usr/lib/gcc/i686-linux-gnu/4.9]
    arg [-L/usr/lib/gcc/i686-linux-gnu/4.9/../../../i386-linux-gnu] ==> dir [/usr/lib/gcc/i686-linux-gnu/4.9/../../../i386-linux-gnu]
    arg [-L/usr/lib/gcc/i686-linux-gnu/4.9/../../../../lib] ==> dir [/usr/lib/gcc/i686-linux-gnu/4.9/../../../../lib]
    arg [-L/lib/i386-linux-gnu] ==> dir [/lib/i386-linux-gnu]
    arg [-L/lib/../lib] ==> dir [/lib/../lib]
    arg [-L/usr/lib/i386-linux-gnu] ==> dir [/usr/lib/i386-linux-gnu]
    arg [-L/usr/lib/../lib] ==> dir [/usr/lib/../lib]
    arg [-L/usr/lib/gcc/i686-linux-gnu/4.9/../../..] ==> dir [/usr/lib/gcc/i686-linux-gnu/4.9/../../..]
    arg [CMakeFiles/cmTryCompileExec927440413.dir/CMakeCXXCompilerABI.cpp.o] ==> ignore
    arg [-lstdc++] ==> lib [stdc++]
    arg [-lm] ==> lib [m]
    arg [-lgcc_s] ==> lib [gcc_s]
    arg [-lgcc] ==> lib [gcc]
    arg [-lc] ==> lib [c]
    arg [-lgcc_s] ==> lib [gcc_s]
    arg [-lgcc] ==> lib [gcc]
    arg [/usr/lib/gcc/i686-linux-gnu/4.9/crtend.o] ==> ignore
    arg [/usr/lib/gcc/i686-linux-gnu/4.9/../../../i386-linux-gnu/crtn.o] ==> ignore
  remove lib [gcc_s]
  remove lib [gcc]
  remove lib [gcc_s]
  remove lib [gcc]
  collapse library dir [/usr/lib/gcc/i686-linux-gnu/4.9] ==> [/usr/lib/gcc/i686-linux-gnu/4.9]
  collapse library dir [/usr/lib/gcc/i686-linux-gnu/4.9/../../../i386-linux-gnu] ==> [/usr/lib/i386-linux-gnu]
  collapse library dir [/usr/lib/gcc/i686-linux-gnu/4.9/../../../../lib] ==> [/usr/lib]
  collapse library dir [/lib/i386-linux-gnu] ==> [/lib/i386-linux-gnu]
  collapse library dir [/lib/../lib] ==> [/lib]
  collapse library dir [/usr/lib/i386-linux-gnu] ==> [/usr/lib/i386-linux-gnu]
  collapse library dir [/usr/lib/../lib] ==> [/usr/lib]
  collapse library dir [/usr/lib/gcc/i686-linux-gnu/4.9/../../..] ==> [/usr/lib]
  implicit libs: [stdc++;m;c]
  implicit dirs: [/usr/lib/gcc/i686-linux-gnu/4.9;/usr/lib/i386-linux-gnu;/usr/lib;/lib/i386-linux-gnu;/lib]
  implicit fwks: []


